{
  "stats": {
    "suites": 1,
    "tests": 5,
    "passes": 5,
    "pending": 0,
    "failures": 0,
    "start": "2022-05-02T10:17:18.796Z",
    "end": "2022-05-02T10:17:48.362Z",
    "duration": 29566,
    "testsRegistered": 5,
    "passPercent": 100,
    "pendingPercent": 0,
    "other": 0,
    "hasOther": false,
    "skipped": 0,
    "hasSkipped": false
  },
  "results": [
    {
      "uuid": "91e776b6-6132-4baf-a598-46796bb5d0d9",
      "title": "",
      "fullFile": "cypress/integration/1-getting-started/YCE/YCE_Login.spec.js",
      "file": "cypress/integration/1-getting-started/YCE/YCE_Login.spec.js",
      "beforeHooks": [],
      "afterHooks": [],
      "tests": [],
      "suites": [
        {
          "uuid": "9c1becd9-c33f-4cf6-90d8-4c2cc2f58638",
          "title": "Login",
          "fullFile": "",
          "file": "",
          "beforeHooks": [],
          "afterHooks": [],
          "tests": [
            {
              "title": "Open URL",
              "fullTitle": "Login Open URL",
              "timedOut": null,
              "duration": 3750,
              "state": "passed",
              "speed": "fast",
              "pass": true,
              "fail": false,
              "pending": false,
              "context": null,
              "code": "cy.visit('https://stage-portal.yourchromeextension.com/');\ncy.title().should('eq', 'Your Chrome Extension');\nconst obj = new _AllFunctions.default();\nobj.login();",
              "err": {},
              "uuid": "6390c573-e565-401a-b306-a07afb6d8ff0",
              "parentUUID": "9c1becd9-c33f-4cf6-90d8-4c2cc2f58638",
              "isHook": false,
              "skipped": false
            },
            {
              "title": "Add Super Admin with all the  Validations ",
              "fullTitle": "Login Add Super Admin with all the  Validations ",
              "timedOut": null,
              "duration": 10609,
              "state": "passed",
              "speed": "slow",
              "pass": true,
              "fail": false,
              "pending": false,
              "context": null,
              "code": "// cy.get('div[title=\"Add Admin\"]').click()\ncy.wait(4000);\ncy.get('div[title=\"Add Admin\"').should('be.visible').click({\n  force: true\n});\ncy.valid(); //Checking Validation this is a custom aommand \ncy.get('#input-first-name').type('Test');\ncy.valid(); //Checking Validation this is a custom aommand \ncy.get('#input-last-name').type('Biswas');\ncy.valid(); //Checking Validation this is a custom aommand \ncy.get('#input-email-name').type(this.user.emaillist[1]); //checking by giving Invalid email from  and araay of emailist\ncy.get('#input-user-balance-name').type(500);\ncy.get('#input-extensions-balance-name').type(500);\ncy.valid(); //it should give an error as i gave an invalid error\ncy.get('#input-email-name').clear();\ncy.get('#input-email-name').type(this.user.emaillist[2]); // Gave an valid email\ncy.valid();\ncy.wait(4000);",
              "err": {},
              "uuid": "c33a622e-1962-4171-9a57-c5009cf604db",
              "parentUUID": "9c1becd9-c33f-4cf6-90d8-4c2cc2f58638",
              "isHook": false,
              "skipped": false
            },
            {
              "title": "Delete a super admin",
              "fullTitle": "Login Delete a super admin",
              "timedOut": null,
              "duration": 4089,
              "state": "passed",
              "speed": "fast",
              "pass": true,
              "fail": false,
              "pending": false,
              "context": null,
              "code": "cy.get('#root > div.main-content > div.mt--7.container-fluid > div > div > div > div.table-responsive > table > tbody > tr:nth-child(1) > td:nth-child(8) > div').click({\n  force: true\n});\ncy.wait(4000);",
              "err": {},
              "uuid": "48d6d5fe-c210-4161-947d-77441e8fb51b",
              "parentUUID": "9c1becd9-c33f-4cf6-90d8-4c2cc2f58638",
              "isHook": false,
              "skipped": false
            },
            {
              "title": "Search with invalid text ",
              "fullTitle": "Login Search with invalid text ",
              "timedOut": null,
              "duration": 5579,
              "state": "passed",
              "speed": "medium",
              "pass": true,
              "fail": false,
              "pending": false,
              "context": null,
              "code": "cy.get('input[name=\"searchKey\"]').click().type('abc').type('{enter}');\ncy.wait(2000);\nlet value;\nconst result = cy.get('#root > div.main-content > div.mt--7.container-fluid > div > div > div > div.card-body').should('exist').contains('No record Found');\nlet storedValue;\ncy.get('#root > div.main-content > div.mt--7.container-fluid > div > div > div > div.card-body').invoke('text').as('storedValue');\ncy.get('@storedValue').then(storedValue => {\n  //Access storedValue here\n  cy.log(storedValue); //prints value\n  this.value = storedValue;\n  if (storedValue == 'No record Found') {\n    cy.log('No results found for the input ');\n  } else {\n    cy.log('Invalid ');\n  }\n}); // const expected='No record Found'\ncy.get('input[name=\"searchKey\"]').clear();\ncy.get('input[name=\"searchKey\"]').type('test');\ncy.wait(3000);",
              "err": {},
              "uuid": "ec555a9b-56a1-4d91-adbb-da9da7bd5fac",
              "parentUUID": "9c1becd9-c33f-4cf6-90d8-4c2cc2f58638",
              "isHook": false,
              "skipped": false
            },
            {
              "title": "search with valid input ",
              "fullTitle": "Login search with valid input ",
              "timedOut": null,
              "duration": 3279,
              "state": "passed",
              "speed": "fast",
              "pass": true,
              "fail": false,
              "pending": false,
              "context": null,
              "code": "cy.get('input[name=\"searchKey\"]').clear();\ncy.get('input[name=\"searchKey\"]').type('test');\ncy.wait(3000);\nlet value;\ncy.get('#root > div.main-content > div.mt--7.container-fluid > div > div > div > div.card-footer > nav > nav > ul > li:nth-child(2) > button').invoke('text').as('value');\ncy.get('@value').then(value => {\n  //Access storedValue here\n  cy.log(value); //prints value\n  this.value = value;\n  if (value == '1') {\n    cy.log(' results found ');\n  } else {\n    cy.log('Invalid ');\n  }\n});\nlet userdata;\ncy.get('#root > div.main-content > div.mt--7.container-fluid > div > div > div > div.table-responsive > table > tbody > tr:nth-child(1) > th > div > div > span').invoke('text').as('userdata');\ncy.get('@userdata').then(function (userdata) {\n  this.userdata = userdata;\n  cy.log(userdata);\n  if (cy.get('#root > div.main-content > div.mt--7.container-fluid > div > div > div > div.table-responsive > table > tbody > tr:nth-child(1) > th > div > div > span').contains('test')) {\n    cy.log('Data Found');\n  } else {\n    cy.log('no data found ');\n  }\n});",
              "err": {},
              "uuid": "832e55fd-3197-4454-a2b2-e683d6f22d76",
              "parentUUID": "9c1becd9-c33f-4cf6-90d8-4c2cc2f58638",
              "isHook": false,
              "skipped": false
            }
          ],
          "suites": [],
          "passes": [
            "6390c573-e565-401a-b306-a07afb6d8ff0",
            "c33a622e-1962-4171-9a57-c5009cf604db",
            "48d6d5fe-c210-4161-947d-77441e8fb51b",
            "ec555a9b-56a1-4d91-adbb-da9da7bd5fac",
            "832e55fd-3197-4454-a2b2-e683d6f22d76"
          ],
          "failures": [],
          "pending": [],
          "skipped": [],
          "duration": 27306,
          "root": false,
          "rootEmpty": false,
          "_timeout": 2000
        }
      ],
      "passes": [],
      "failures": [],
      "pending": [],
      "skipped": [],
      "duration": 0,
      "root": true,
      "rootEmpty": true,
      "_timeout": 2000
    }
  ],
  "meta": {
    "mocha": {
      "version": "7.0.1"
    },
    "mochawesome": {
      "options": {
        "quiet": false,
        "reportFilename": "report",
        "saveHtml": true,
        "saveJson": true,
        "consoleReporter": "spec",
        "useInlineDiffs": false,
        "code": true
      },
      "version": "7.1.3"
    },
    "marge": {
      "options": {
        "reportDir": "cypress/report",
        "charts": true,
        "reportPageTitle": "Demo Report",
        "reportFilename": "report",
        "overwrite": "true",
        "html": "true",
        "json": "true"
      },
      "version": "6.2.0"
    }
  }
}