{
  "stats": {
    "suites": 1,
    "tests": 5,
    "passes": 5,
    "pending": 0,
    "failures": 0,
    "start": "2022-05-02T10:52:35.685Z",
    "end": "2022-05-02T10:53:04.726Z",
    "duration": 29041,
    "testsRegistered": 5,
    "passPercent": 100,
    "pendingPercent": 0,
    "other": 0,
    "hasOther": false,
    "skipped": 0,
    "hasSkipped": false
  },
  "results": [
    {
      "uuid": "7f9c90e7-f567-4681-b790-60e00ec90c70",
      "title": "",
      "fullFile": "cypress/integration/1-getting-started/YCE/YCE_Login.spec.js",
      "file": "cypress/integration/1-getting-started/YCE/YCE_Login.spec.js",
      "beforeHooks": [],
      "afterHooks": [],
      "tests": [],
      "suites": [
        {
          "uuid": "f26b5588-fdb5-4440-9df2-01cb7aa4bab1",
          "title": "Login",
          "fullFile": "",
          "file": "",
          "beforeHooks": [],
          "afterHooks": [],
          "tests": [
            {
              "title": "Open URL",
              "fullTitle": "Login Open URL",
              "timedOut": null,
              "duration": 3207,
              "state": "passed",
              "speed": "fast",
              "pass": true,
              "fail": false,
              "pending": false,
              "context": null,
              "code": "cy.visit('https://stage-portal.yourchromeextension.com/');\ncy.title().should('eq', 'Your Chrome Extension');\nconst obj = new _AllFunctions.default();\nobj.login();",
              "err": {},
              "uuid": "e15f0761-42eb-42f8-8c7f-bad730a615cf",
              "parentUUID": "f26b5588-fdb5-4440-9df2-01cb7aa4bab1",
              "isHook": false,
              "skipped": false
            },
            {
              "title": "Add Super Admin with all the  Validations ",
              "fullTitle": "Login Add Super Admin with all the  Validations ",
              "timedOut": null,
              "duration": 10803,
              "state": "passed",
              "speed": "slow",
              "pass": true,
              "fail": false,
              "pending": false,
              "context": null,
              "code": "// cy.get('div[title=\"Add Admin\"]').click()\ncy.wait(4000);\ncy.get('div[title=\"Add Admin\"').should('be.visible').click({\n  force: true\n});\ncy.valid(); //Checking Validation this is a custom aommand \ncy.get('#input-first-name').type('Test');\ncy.valid(); //Checking Validation this is a custom aommand \ncy.get('#input-last-name').type('Biswas');\ncy.valid(); //Checking Validation this is a custom aommand \ncy.get('#input-email-name').type(this.user.emaillist[1]); //checking by giving Invalid email from  and araay of emailist\ncy.get('#input-user-balance-name').type(500);\ncy.get('#input-extensions-balance-name').type(500);\ncy.valid(); //it should give an error as i gave an invalid error\ncy.get('#input-email-name').clear();\ncy.get('#input-email-name').type(this.user.emaillist[2]); // Gave an valid email\ncy.valid();\ncy.wait(4000);",
              "err": {},
              "uuid": "bc035291-5692-46b5-816d-4babe82d051a",
              "parentUUID": "f26b5588-fdb5-4440-9df2-01cb7aa4bab1",
              "isHook": false,
              "skipped": false
            },
            {
              "title": "Delete a super admin",
              "fullTitle": "Login Delete a super admin",
              "timedOut": null,
              "duration": 4077,
              "state": "passed",
              "speed": "fast",
              "pass": true,
              "fail": false,
              "pending": false,
              "context": null,
              "code": "cy.get('#root > div.main-content > div.mt--7.container-fluid > div > div > div > div.table-responsive > table > tbody > tr:nth-child(1) > td:nth-child(8) > div').click({\n  force: true\n});\ncy.wait(4000);",
              "err": {},
              "uuid": "c0475228-02c3-4393-94b4-c7d4662e6002",
              "parentUUID": "f26b5588-fdb5-4440-9df2-01cb7aa4bab1",
              "isHook": false,
              "skipped": false
            },
            {
              "title": "Search with invalid text ",
              "fullTitle": "Login Search with invalid text ",
              "timedOut": null,
              "duration": 5566,
              "state": "passed",
              "speed": "medium",
              "pass": true,
              "fail": false,
              "pending": false,
              "context": null,
              "code": "cy.get('input[name=\"searchKey\"]').click().type('abc').type('{enter}');\ncy.wait(2000);\nlet value;\nconst result = cy.get('#root > div.main-content > div.mt--7.container-fluid > div > div > div > div.card-body').should('exist').contains('No record Found');\nlet storedValue;\ncy.get('#root > div.main-content > div.mt--7.container-fluid > div > div > div > div.card-body').invoke('text').as('storedValue');\ncy.get('@storedValue').then(storedValue => {\n  //Access storedValue here\n  cy.log(storedValue); //prints value\n  this.value = storedValue;\n  if (storedValue == 'No record Found') {\n    cy.log('No results found for the input ');\n  } else {\n    cy.log('Invalid ');\n  }\n}); // const expected='No record Found'\ncy.get('input[name=\"searchKey\"]').clear();\ncy.get('input[name=\"searchKey\"]').type('test');\ncy.wait(3000);",
              "err": {},
              "uuid": "4dc551e5-3da7-4fc3-9e73-6832a2990a8f",
              "parentUUID": "f26b5588-fdb5-4440-9df2-01cb7aa4bab1",
              "isHook": false,
              "skipped": false
            },
            {
              "title": "search with valid input ",
              "fullTitle": "Login search with valid input ",
              "timedOut": null,
              "duration": 3294,
              "state": "passed",
              "speed": "fast",
              "pass": true,
              "fail": false,
              "pending": false,
              "context": null,
              "code": "cy.get('input[name=\"searchKey\"]').clear();\ncy.get('input[name=\"searchKey\"]').type('test');\ncy.wait(3000);\nlet value;\ncy.get('#root > div.main-content > div.mt--7.container-fluid > div > div > div > div.card-footer > nav > nav > ul > li:nth-child(2) > button').invoke('text').as('value');\ncy.get('@value').then(value => {\n  //Access storedValue here\n  cy.log(value); //prints value\n  this.value = value;\n  if (value == '1') {\n    cy.log(' results found ');\n  } else {\n    cy.log('Invalid ');\n  }\n});\nlet userdata;\ncy.get('#root > div.main-content > div.mt--7.container-fluid > div > div > div > div.table-responsive > table > tbody > tr:nth-child(1) > th > div > div > span').invoke('text').as('userdata');\ncy.get('@userdata').then(function (userdata) {\n  this.userdata = userdata;\n  cy.log(userdata);\n  if (cy.get('#root > div.main-content > div.mt--7.container-fluid > div > div > div > div.table-responsive > table > tbody > tr:nth-child(1) > th > div > div > span').contains('test')) {\n    cy.log('Data Found');\n  } else {\n    cy.log('no data found ');\n  }\n});",
              "err": {},
              "uuid": "c0693cc0-34cb-4bef-9feb-4ea4548887ab",
              "parentUUID": "f26b5588-fdb5-4440-9df2-01cb7aa4bab1",
              "isHook": false,
              "skipped": false
            }
          ],
          "suites": [],
          "passes": [
            "e15f0761-42eb-42f8-8c7f-bad730a615cf",
            "bc035291-5692-46b5-816d-4babe82d051a",
            "c0475228-02c3-4393-94b4-c7d4662e6002",
            "4dc551e5-3da7-4fc3-9e73-6832a2990a8f",
            "c0693cc0-34cb-4bef-9feb-4ea4548887ab"
          ],
          "failures": [],
          "pending": [],
          "skipped": [],
          "duration": 26947,
          "root": false,
          "rootEmpty": false,
          "_timeout": 2000
        }
      ],
      "passes": [],
      "failures": [],
      "pending": [],
      "skipped": [],
      "duration": 0,
      "root": true,
      "rootEmpty": true,
      "_timeout": 2000
    }
  ],
  "meta": {
    "mocha": {
      "version": "7.0.1"
    },
    "mochawesome": {
      "options": {
        "quiet": false,
        "reportFilename": "mochawesome",
        "saveHtml": true,
        "saveJson": true,
        "consoleReporter": "spec",
        "useInlineDiffs": false,
        "code": true
      },
      "version": "7.1.3"
    },
    "marge": {
      "options": {
        "id": "default",
        "reportDir": "cypress/reports",
        "charts": true,
        "reportPageTitle": "My Test Suite",
        "embeddedScreenshots": true,
        "inlineAssets": true
      },
      "version": "6.2.0"
    }
  }
}